{
  "Cucumber Features": {
    "coverage": {
      "/home/dwei/Programming/evaluation_system/config/environment.rb": [
        null,
        1,
        null,
        null,
        1
      ],
      "/home/dwei/Programming/evaluation_system/config/application.rb": [
        1,
        null,
        1,
        null,
        null,
        null,
        1,
        null,
        1,
        1,
        null,
        null,
        null,
        null,
        null,
        null,
        null,
        null,
        null,
        null,
        null,
        null,
        null
      ],
      "/home/dwei/Programming/evaluation_system/config/boot.rb": [
        null,
        1,
        null,
        1
      ],
      "/home/dwei/Programming/evaluation_system/config/environments/test.rb": [
        1,
        null,
        null,
        null,
        null,
        null,
        null,
        1,
        null,
        null,
        null,
        null,
        1,
        null,
        null,
        1,
        1,
        null,
        null,
        1,
        1,
        null,
        null,
        1,
        null,
        null,
        1,
        null,
        null,
        null,
        null,
        1,
        null,
        null,
        1,
        null
      ],
      "/home/dwei/Programming/evaluation_system/config/initializers/backtrace_silencers.rb": [
        null,
        null,
        null,
        null,
        null,
        null,
        null
      ],
      "/home/dwei/Programming/evaluation_system/config/initializers/filter_parameter_logging.rb": [
        null,
        null,
        null,
        1
      ],
      "/home/dwei/Programming/evaluation_system/config/initializers/inflections.rb": [
        null,
        null,
        null,
        null,
        null,
        null,
        null,
        null,
        null,
        null,
        null,
        null,
        null,
        null,
        null,
        null
      ],
      "/home/dwei/Programming/evaluation_system/config/initializers/mime_types.rb": [
        null,
        null,
        null,
        null,
        null
      ],
      "/home/dwei/Programming/evaluation_system/config/initializers/secret_token.rb": [
        null,
        null,
        null,
        null,
        null,
        null,
        null,
        null,
        null,
        null,
        null,
        1
      ],
      "/home/dwei/Programming/evaluation_system/config/initializers/session_store.rb": [
        null,
        null,
        1
      ],
      "/home/dwei/Programming/evaluation_system/config/initializers/wrap_parameters.rb": [
        null,
        null,
        null,
        null,
        null,
        null,
        1,
        1,
        null,
        null,
        null,
        null,
        null,
        null
      ],
      "/home/dwei/Programming/evaluation_system/config/routes.rb": [
        1,
        null,
        null,
        null,
        null,
        null,
        null,
        null,
        null,
        null,
        null,
        null,
        null,
        null,
        null,
        null,
        null,
        null,
        null,
        null,
        null,
        null,
        null,
        null,
        null,
        null,
        null,
        null,
        null,
        null,
        null,
        null,
        null,
        null,
        null,
        null,
        null,
        null,
        null,
        null,
        null,
        null,
        null,
        null,
        null,
        null,
        null,
        null,
        null,
        null,
        null,
        null,
        null,
        null,
        null,
        null,
        1,
        1,
        1,
        1,
        1,
        1,
        1,
        null
      ],
      "/home/dwei/Programming/evaluation_system/features/step_definitions/student_steps.rb": [
        1,
        3,
        6,
        null,
        null,
        null,
        1,
        3,
        3,
        3,
        3,
        null,
        null,
        1,
        1,
        1,
        null,
        null,
        1,
        2,
        2,
        null,
        null,
        1,
        1,
        1,
        null,
        null,
        1,
        3,
        null,
        null,
        1,
        1,
        null,
        null,
        1,
        1,
        null,
        null,
        1,
        0,
        null,
        null,
        1,
        1,
        1,
        1,
        null,
        null,
        1,
        1,
        1,
        1,
        null
      ],
      "/home/dwei/Programming/evaluation_system/app/models/user.rb": [
        1,
        1,
        3,
        null,
        null
      ],
      "/home/dwei/Programming/evaluation_system/app/controllers/welcome_controller.rb": [
        1,
        1,
        3,
        0,
        null,
        null,
        null,
        1,
        3,
        3,
        3,
        3,
        null,
        0,
        0,
        null,
        null,
        null,
        1,
        0,
        0,
        null,
        null,
        1,
        null,
        1,
        3,
        null,
        null
      ],
      "/home/dwei/Programming/evaluation_system/app/controllers/application_controller.rb": [
        1,
        null,
        null,
        1,
        null
      ],
      "/home/dwei/Programming/evaluation_system/app/helpers/application_helper.rb": [
        1,
        null
      ],
      "/home/dwei/Programming/evaluation_system/app/helpers/evaluation_forms_helper.rb": [
        1,
        1,
        12,
        null,
        null
      ],
      "/home/dwei/Programming/evaluation_system/app/controllers/student_controller.rb": [
        1,
        1,
        7,
        0,
        null,
        7,
        7,
        7,
        1,
        null,
        null,
        null,
        1,
        1,
        1,
        1,
        0,
        null,
        1,
        0,
        null,
        1,
        1,
        null,
        1,
        null,
        null,
        1,
        null,
        1,
        1,
        null,
        null,
        null,
        null,
        null,
        null,
        null,
        null,
        null,
        null,
        null,
        null,
        null,
        null,
        null,
        null,
        null
      ],
      "/home/dwei/Programming/evaluation_system/app/models/evaluation_form.rb": [
        1,
        1,
        1,
        null,
        null,
        null,
        null,
        null,
        null,
        null,
        null,
        null,
        null,
        null,
        null,
        null
      ],
      "/home/dwei/Programming/evaluation_system/app/controllers/evaluation_forms_controller.rb": [
        1,
        1,
        1,
        1,
        null,
        null
      ]
    },
    "timestamp": 1384079027
  },
  "RSpec": {
    "coverage": {
      "/home/dwei/Programming/evaluation_system/config/environment.rb": [
        null,
        1,
        null,
        null,
        1
      ],
      "/home/dwei/Programming/evaluation_system/config/application.rb": [
        1,
        null,
        1,
        null,
        null,
        null,
        1,
        null,
        1,
        1,
        null,
        null,
        null,
        null,
        null,
        null,
        null,
        null,
        null,
        null,
        null,
        null,
        null
      ],
      "/home/dwei/Programming/evaluation_system/config/boot.rb": [
        null,
        1,
        null,
        1
      ],
      "/home/dwei/Programming/evaluation_system/config/environments/test.rb": [
        1,
        null,
        null,
        null,
        null,
        null,
        null,
        1,
        null,
        null,
        null,
        null,
        1,
        null,
        null,
        1,
        1,
        null,
        null,
        1,
        1,
        null,
        null,
        1,
        null,
        null,
        1,
        null,
        null,
        null,
        null,
        1,
        null,
        null,
        1,
        null
      ],
      "/home/dwei/Programming/evaluation_system/config/initializers/backtrace_silencers.rb": [
        null,
        null,
        null,
        null,
        null,
        null,
        null
      ],
      "/home/dwei/Programming/evaluation_system/config/initializers/filter_parameter_logging.rb": [
        null,
        null,
        null,
        1
      ],
      "/home/dwei/Programming/evaluation_system/config/initializers/inflections.rb": [
        null,
        null,
        null,
        null,
        null,
        null,
        null,
        null,
        null,
        null,
        null,
        null,
        null,
        null,
        null,
        null
      ],
      "/home/dwei/Programming/evaluation_system/config/initializers/mime_types.rb": [
        null,
        null,
        null,
        null,
        null
      ],
      "/home/dwei/Programming/evaluation_system/config/initializers/secret_token.rb": [
        null,
        null,
        null,
        null,
        null,
        null,
        null,
        null,
        null,
        null,
        null,
        1
      ],
      "/home/dwei/Programming/evaluation_system/config/initializers/session_store.rb": [
        null,
        null,
        1
      ],
      "/home/dwei/Programming/evaluation_system/config/initializers/wrap_parameters.rb": [
        null,
        null,
        null,
        null,
        null,
        null,
        1,
        1,
        null,
        null,
        null,
        null,
        null,
        null
      ],
      "/home/dwei/Programming/evaluation_system/config/routes.rb": [
        1,
        null,
        null,
        null,
        null,
        null,
        null,
        null,
        null,
        null,
        null,
        null,
        null,
        null,
        null,
        null,
        null,
        null,
        null,
        null,
        null,
        null,
        null,
        null,
        null,
        null,
        null,
        null,
        null,
        null,
        null,
        null,
        null,
        null,
        null,
        null,
        null,
        null,
        null,
        null,
        null,
        null,
        null,
        null,
        null,
        null,
        null,
        null,
        null,
        null,
        null,
        null,
        null,
        null,
        null,
        null,
        1,
        1,
        1,
        1,
        1,
        1,
        1,
        null
      ],
      "/home/dwei/Programming/evaluation_system/app/helpers/application_helper.rb": [
        1,
        null
      ],
      "/home/dwei/Programming/evaluation_system/app/helpers/evaluation_forms_helper.rb": [
        1,
        1,
        0,
        null,
        null
      ],
      "/home/dwei/Programming/evaluation_system/app/controllers/evaluation_forms_controller.rb": [
        1,
        1,
        0,
        0,
        null,
        null
      ],
      "/home/dwei/Programming/evaluation_system/app/controllers/application_controller.rb": [
        1,
        null,
        null,
        1,
        null
      ],
      "/home/dwei/Programming/evaluation_system/spec/controllers/welcome_controller_spec.rb": [
        1,
        null,
        1,
        1,
        1,
        1,
        1,
        null,
        null,
        1,
        1,
        2,
        2,
        2,
        null,
        null,
        1,
        1,
        null,
        null,
        1,
        1,
        null,
        null,
        null,
        1,
        1,
        1,
        1,
        1,
        1,
        null,
        null,
        null,
        null
      ],
      "/home/dwei/Programming/evaluation_system/app/controllers/welcome_controller.rb": [
        1,
        1,
        0,
        0,
        null,
        null,
        null,
        1,
        4,
        4,
        2,
        2,
        null,
        2,
        2,
        null,
        null,
        null,
        1,
        0,
        0,
        null,
        null,
        1,
        null,
        1,
        2,
        null,
        null
      ],
      "/home/dwei/Programming/evaluation_system/spec/models/evaluation_form_spec.rb": [
        1,
        null,
        1,
        1,
        null
      ],
      "/home/dwei/Programming/evaluation_system/app/models/evaluation_form.rb": [
        1,
        1,
        0,
        null,
        null,
        null,
        null,
        null,
        null,
        null,
        null,
        null,
        null,
        null,
        null,
        null
      ],
      "/home/dwei/Programming/evaluation_system/app/models/user.rb": [
        1,
        1,
        0,
        null,
        null
      ]
    },
    "timestamp": 1384079101
  }
}
